[2022-09-06 12:52:38] local.DEBUG: Undefined variable: validated  
[2022-09-06 12:52:40] local.DEBUG: Undefined variable: validated  
[2022-09-06 12:52:40] local.DEBUG: Undefined variable: validated  
[2022-09-06 12:52:41] local.DEBUG: Undefined variable: validated  
[2022-09-06 12:52:41] local.DEBUG: Undefined variable: validated  
[2022-09-06 12:52:41] local.DEBUG: Undefined variable: validated  
[2022-09-06 12:52:42] local.DEBUG: Undefined variable: validated  
[2022-09-06 12:52:42] local.DEBUG: Undefined variable: validated  
[2022-09-06 12:52:42] local.DEBUG: Undefined variable: validated  
[2022-09-06 12:52:42] local.DEBUG: Undefined variable: validated  
[2022-09-06 13:14:45] local.DEBUG: SQLSTATE[42S22]: Column not found: 1054 Unknown column 'floor_id' in 'where clause' (SQL: select * from `parkings` where `vehicle_no` = SDL002 and `category_id` = 1 and `floor_id` = 1 and `place_id` = 1 order by `id` desc limit 1)  
[2022-09-06 17:11:40] local.INFO: {"$1":null,"1":null,"SDL002":null,"19072022174230*":null}  
[2022-09-06 17:11:41] local.INFO: {"$1":null,"1":null,"SDL002":null,"19072022174230*":null}  
[2022-09-06 17:11:42] local.INFO: {"$1":null,"1":null,"SDL002":null,"19072022174230*":null}  
[2022-09-06 17:11:42] local.DEBUG: SQLSTATE[23000]: Integrity constraint violation: 1062 Duplicate entry '202207191742301' for key 'parkings_barcode_unique' (SQL: insert into `parkings` (`place_id`, `slot_id`, `vehicle_no`, `category_id`, `driver_name`, `driver_mobile`, `barcode`, `in_time`, `created_by`, `updated_at`, `created_at`) values (1, 1, SDL002, 1, Pavel2, 01844527153, 202207191742301, 2022-07-19 17:42:30, 1, 2022-09-06 17:11:42, 2022-09-06 17:11:42))  
[2022-09-06 17:11:43] local.INFO: {"$1":null,"1":null,"SDL002":null,"19072022174230*":null}  
[2022-09-06 17:11:43] local.DEBUG: SQLSTATE[23000]: Integrity constraint violation: 1062 Duplicate entry '202207191742301' for key 'parkings_barcode_unique' (SQL: insert into `parkings` (`place_id`, `slot_id`, `vehicle_no`, `category_id`, `driver_name`, `driver_mobile`, `barcode`, `in_time`, `created_by`, `updated_at`, `created_at`) values (1, 1, SDL002, 1, Pavel2, 01844527153, 202207191742301, 2022-07-19 17:42:30, 1, 2022-09-06 17:11:43, 2022-09-06 17:11:43))  
[2022-09-06 17:11:43] local.INFO: {"$1":null,"1":null,"SDL002":null,"19072022174230*":null}  
[2022-09-06 17:11:43] local.DEBUG: SQLSTATE[23000]: Integrity constraint violation: 1062 Duplicate entry '202207191742301' for key 'parkings_barcode_unique' (SQL: insert into `parkings` (`place_id`, `slot_id`, `vehicle_no`, `category_id`, `driver_name`, `driver_mobile`, `barcode`, `in_time`, `created_by`, `updated_at`, `created_at`) values (1, 1, SDL002, 1, Pavel2, 01844527153, 202207191742301, 2022-07-19 17:42:30, 1, 2022-09-06 17:11:43, 2022-09-06 17:11:43))  
[2022-09-06 17:11:43] local.INFO: {"$1":null,"1":null,"SDL002":null,"19072022174230*":null}  
[2022-09-06 17:11:43] local.DEBUG: SQLSTATE[23000]: Integrity constraint violation: 1062 Duplicate entry '202207191742301' for key 'parkings_barcode_unique' (SQL: insert into `parkings` (`place_id`, `slot_id`, `vehicle_no`, `category_id`, `driver_name`, `driver_mobile`, `barcode`, `in_time`, `created_by`, `updated_at`, `created_at`) values (1, 1, SDL002, 1, Pavel2, 01844527153, 202207191742301, 2022-07-19 17:42:30, 1, 2022-09-06 17:11:43, 2022-09-06 17:11:43))  
[2022-09-06 17:11:44] local.INFO: {"$1":null,"1":null,"SDL002":null,"19072022174230*":null}  
[2022-09-06 17:11:44] local.DEBUG: SQLSTATE[23000]: Integrity constraint violation: 1062 Duplicate entry '202207191742301' for key 'parkings_barcode_unique' (SQL: insert into `parkings` (`place_id`, `slot_id`, `vehicle_no`, `category_id`, `driver_name`, `driver_mobile`, `barcode`, `in_time`, `created_by`, `updated_at`, `created_at`) values (1, 1, SDL002, 1, Pavel2, 01844527153, 202207191742301, 2022-07-19 17:42:30, 1, 2022-09-06 17:11:44, 2022-09-06 17:11:44))  
[2022-09-06 17:11:44] local.INFO: {"$1":null,"1":null,"SDL002":null,"19072022174230*":null}  
[2022-09-06 17:11:44] local.DEBUG: SQLSTATE[23000]: Integrity constraint violation: 1062 Duplicate entry '202207191742301' for key 'parkings_barcode_unique' (SQL: insert into `parkings` (`place_id`, `slot_id`, `vehicle_no`, `category_id`, `driver_name`, `driver_mobile`, `barcode`, `in_time`, `created_by`, `updated_at`, `created_at`) values (1, 1, SDL002, 1, Pavel2, 01844527153, 202207191742301, 2022-07-19 17:42:30, 1, 2022-09-06 17:11:44, 2022-09-06 17:11:44))  
[2022-09-06 17:11:44] local.INFO: {"$1":null,"1":null,"SDL002":null,"19072022174230*":null}  
[2022-09-06 17:11:44] local.DEBUG: SQLSTATE[23000]: Integrity constraint violation: 1062 Duplicate entry '202207191742301' for key 'parkings_barcode_unique' (SQL: insert into `parkings` (`place_id`, `slot_id`, `vehicle_no`, `category_id`, `driver_name`, `driver_mobile`, `barcode`, `in_time`, `created_by`, `updated_at`, `created_at`) values (1, 1, SDL002, 1, Pavel2, 01844527153, 202207191742301, 2022-07-19 17:42:30, 1, 2022-09-06 17:11:44, 2022-09-06 17:11:44))  
[2022-09-06 17:11:45] local.INFO: {"$1":null,"1":null,"SDL002":null,"19072022174230*":null}  
[2022-09-06 17:11:45] local.DEBUG: SQLSTATE[23000]: Integrity constraint violation: 1062 Duplicate entry '202207191742301' for key 'parkings_barcode_unique' (SQL: insert into `parkings` (`place_id`, `slot_id`, `vehicle_no`, `category_id`, `driver_name`, `driver_mobile`, `barcode`, `in_time`, `created_by`, `updated_at`, `created_at`) values (1, 1, SDL002, 1, Pavel2, 01844527153, 202207191742301, 2022-07-19 17:42:30, 1, 2022-09-06 17:11:45, 2022-09-06 17:11:45))  
[2022-09-06 17:11:45] local.INFO: {"$1":null,"1":null,"SDL002":null,"19072022174230*":null}  
[2022-09-06 17:11:45] local.DEBUG: SQLSTATE[23000]: Integrity constraint violation: 1062 Duplicate entry '202207191742301' for key 'parkings_barcode_unique' (SQL: insert into `parkings` (`place_id`, `slot_id`, `vehicle_no`, `category_id`, `driver_name`, `driver_mobile`, `barcode`, `in_time`, `created_by`, `updated_at`, `created_at`) values (1, 1, SDL002, 1, Pavel2, 01844527153, 202207191742301, 2022-07-19 17:42:30, 1, 2022-09-06 17:11:45, 2022-09-06 17:11:45))  
[2022-09-06 17:11:45] local.INFO: {"$1":null,"1":null,"SDL002":null,"19072022174230*":null}  
[2022-09-06 17:11:45] local.DEBUG: SQLSTATE[23000]: Integrity constraint violation: 1062 Duplicate entry '202207191742301' for key 'parkings_barcode_unique' (SQL: insert into `parkings` (`place_id`, `slot_id`, `vehicle_no`, `category_id`, `driver_name`, `driver_mobile`, `barcode`, `in_time`, `created_by`, `updated_at`, `created_at`) values (1, 1, SDL002, 1, Pavel2, 01844527153, 202207191742301, 2022-07-19 17:42:30, 1, 2022-09-06 17:11:45, 2022-09-06 17:11:45))  
[2022-09-06 17:11:46] local.INFO: {"$1":null,"1":null,"SDL002":null,"19072022174230*":null}  
[2022-09-06 17:11:46] local.DEBUG: SQLSTATE[23000]: Integrity constraint violation: 1062 Duplicate entry '202207191742301' for key 'parkings_barcode_unique' (SQL: insert into `parkings` (`place_id`, `slot_id`, `vehicle_no`, `category_id`, `driver_name`, `driver_mobile`, `barcode`, `in_time`, `created_by`, `updated_at`, `created_at`) values (1, 1, SDL002, 1, Pavel2, 01844527153, 202207191742301, 2022-07-19 17:42:30, 1, 2022-09-06 17:11:46, 2022-09-06 17:11:46))  
[2022-09-06 17:11:46] local.INFO: {"$1":null,"1":null,"SDL002":null,"19072022174230*":null}  
[2022-09-06 17:11:46] local.DEBUG: SQLSTATE[23000]: Integrity constraint violation: 1062 Duplicate entry '202207191742301' for key 'parkings_barcode_unique' (SQL: insert into `parkings` (`place_id`, `slot_id`, `vehicle_no`, `category_id`, `driver_name`, `driver_mobile`, `barcode`, `in_time`, `created_by`, `updated_at`, `created_at`) values (1, 1, SDL002, 1, Pavel2, 01844527153, 202207191742301, 2022-07-19 17:42:30, 1, 2022-09-06 17:11:46, 2022-09-06 17:11:46))  
[2022-09-06 17:11:46] local.INFO: {"$1":null,"1":null,"SDL002":null,"19072022174230*":null}  
[2022-09-06 17:11:46] local.DEBUG: SQLSTATE[23000]: Integrity constraint violation: 1062 Duplicate entry '202207191742301' for key 'parkings_barcode_unique' (SQL: insert into `parkings` (`place_id`, `slot_id`, `vehicle_no`, `category_id`, `driver_name`, `driver_mobile`, `barcode`, `in_time`, `created_by`, `updated_at`, `created_at`) values (1, 1, SDL002, 1, Pavel2, 01844527153, 202207191742301, 2022-07-19 17:42:30, 1, 2022-09-06 17:11:46, 2022-09-06 17:11:46))  
[2022-09-06 17:11:47] local.INFO: {"$1":null,"1":null,"SDL002":null,"19072022174230*":null}  
[2022-09-06 17:11:47] local.DEBUG: SQLSTATE[23000]: Integrity constraint violation: 1062 Duplicate entry '202207191742301' for key 'parkings_barcode_unique' (SQL: insert into `parkings` (`place_id`, `slot_id`, `vehicle_no`, `category_id`, `driver_name`, `driver_mobile`, `barcode`, `in_time`, `created_by`, `updated_at`, `created_at`) values (1, 1, SDL002, 1, Pavel2, 01844527153, 202207191742301, 2022-07-19 17:42:30, 1, 2022-09-06 17:11:47, 2022-09-06 17:11:47))  
[2022-09-06 17:11:48] local.INFO: {"$1":null,"1":null,"SDL002":null,"19072022174230*":null}  
[2022-09-06 17:11:48] local.DEBUG: SQLSTATE[23000]: Integrity constraint violation: 1062 Duplicate entry '202207191742301' for key 'parkings_barcode_unique' (SQL: insert into `parkings` (`place_id`, `slot_id`, `vehicle_no`, `category_id`, `driver_name`, `driver_mobile`, `barcode`, `in_time`, `created_by`, `updated_at`, `created_at`) values (1, 1, SDL002, 1, Pavel2, 01844527153, 202207191742301, 2022-07-19 17:42:30, 1, 2022-09-06 17:11:48, 2022-09-06 17:11:48))  
[2022-09-06 17:11:48] local.INFO: {"$1":null,"1":null,"SDL002":null,"19072022174230*":null}  
[2022-09-06 17:11:48] local.DEBUG: SQLSTATE[23000]: Integrity constraint violation: 1062 Duplicate entry '202207191742301' for key 'parkings_barcode_unique' (SQL: insert into `parkings` (`place_id`, `slot_id`, `vehicle_no`, `category_id`, `driver_name`, `driver_mobile`, `barcode`, `in_time`, `created_by`, `updated_at`, `created_at`) values (1, 1, SDL002, 1, Pavel2, 01844527153, 202207191742301, 2022-07-19 17:42:30, 1, 2022-09-06 17:11:48, 2022-09-06 17:11:48))  
[2022-09-06 17:11:49] local.INFO: {"$1":null,"1":null,"SDL002":null,"19072022174230*":null}  
[2022-09-06 17:11:49] local.DEBUG: SQLSTATE[23000]: Integrity constraint violation: 1062 Duplicate entry '202207191742301' for key 'parkings_barcode_unique' (SQL: insert into `parkings` (`place_id`, `slot_id`, `vehicle_no`, `category_id`, `driver_name`, `driver_mobile`, `barcode`, `in_time`, `created_by`, `updated_at`, `created_at`) values (1, 1, SDL002, 1, Pavel2, 01844527153, 202207191742301, 2022-07-19 17:42:30, 1, 2022-09-06 17:11:49, 2022-09-06 17:11:49))  
[2022-09-06 17:11:49] local.INFO: {"$1":null,"1":null,"SDL002":null,"19072022174230*":null}  
[2022-09-06 17:11:49] local.DEBUG: SQLSTATE[23000]: Integrity constraint violation: 1062 Duplicate entry '202207191742301' for key 'parkings_barcode_unique' (SQL: insert into `parkings` (`place_id`, `slot_id`, `vehicle_no`, `category_id`, `driver_name`, `driver_mobile`, `barcode`, `in_time`, `created_by`, `updated_at`, `created_at`) values (1, 1, SDL002, 1, Pavel2, 01844527153, 202207191742301, 2022-07-19 17:42:30, 1, 2022-09-06 17:11:49, 2022-09-06 17:11:49))  
[2022-09-06 17:51:24] local.INFO: {"$1":null,"1":null,"SDL002":null,"19072022174230*":null}  
[2022-09-06 17:51:24] local.DEBUG: SQLSTATE[23000]: Integrity constraint violation: 1062 Duplicate entry '202207191742301' for key 'parkings_barcode_unique' (SQL: insert into `parkings` (`place_id`, `slot_id`, `vehicle_no`, `category_id`, `driver_name`, `driver_mobile`, `barcode`, `in_time`, `created_by`, `updated_at`, `created_at`) values (1, 1, SDL002, 1, Pavel2, 01844527153, 202207191742301, 2022-07-19 17:42:30, 1, 2022-09-06 17:51:24, 2022-09-06 17:51:24))  
[2022-09-06 18:22:28] local.INFO: {"$1":null,"1":null,"123456":null,"19072022174230*":null}  
[2022-09-06 18:23:25] local.INFO: {"$1":null,"1":null,"SDL001":null,"19072022174230*":null}  
[2022-09-06 18:23:35] local.INFO: {"$1":null,"1":null,"SDL001":null,"19072022184230*":null}  
[2022-09-06 18:23:59] local.INFO: {"$1":null,"1":null,"SDL001":null,"19072022184230*":null}  
[2022-09-06 18:23:59] local.DEBUG: SQLSTATE[23000]: Integrity constraint violation: 1062 Duplicate entry '202207191842301' for key 'parkings_barcode_unique' (SQL: insert into `parkings` (`place_id`, `slot_id`, `vehicle_no`, `category_id`, `driver_name`, `driver_mobile`, `barcode`, `in_time`, `created_by`, `updated_at`, `created_at`) values (1, 2, 123456, 1, Pavel, 01844527152, 202207191842301, 2022-07-19 18:42:30, 1, 2022-09-06 18:23:59, 2022-09-06 18:23:59))  
[2022-09-06 18:27:26] local.INFO: {"$1":null,"1":null,"SDL001":null,"19072022184230*":null}  
[2022-09-06 18:27:49] local.INFO: {"$1":null,"1":null,"SDL001":null,"19072022184230*":null}  
[2022-09-06 18:27:49] local.DEBUG: SQLSTATE[23000]: Integrity constraint violation: 1062 Duplicate entry '202207191842301' for key 'parkings_barcode_unique' (SQL: insert into `parkings` (`place_id`, `slot_id`, `vehicle_no`, `category_id`, `driver_name`, `driver_mobile`, `barcode`, `in_time`, `created_by`, `updated_at`, `created_at`) values (1, 1, SDL001, 1, Pavel, 01844527152, 202207191842301, 2022-07-19 18:42:30, 1, 2022-09-06 18:27:49, 2022-09-06 18:27:49))  
[2022-09-06 18:27:57] local.INFO: {"$1":null,"1":null,"SDL001":null,"19072022184330*":null}  
[2022-09-06 18:28:02] local.INFO: {"$1":null,"1":null,"SDL001":null,"19072022185030*":null}  
[2022-09-06 18:33:17] local.INFO: {"$1":null,"1":null,"SDL001":null,"19072022185030*":null}  
[2022-09-06 18:33:35] local.INFO: {"$1":null,"1":null,"SDL001":null,"19072022185030*":null}  
